Base path: /Applications/Unity/Unity.app/Contents
Pipe name: \\.\pipe\UnityShaderCompiler-1--1591795288
Cmd: getPlatforms
Cmd: preprocess
  insize=603 outsize=1011 ok=1
Cmd: compileSnippet
  api=0 type=0 insize=4327 outsize=919 kw=DIRECTIONAL LIGHTMAP_OFF DIRLIGHTMAP_OFF ok=1
Cmd: compileSnippet
  api=0 type=1 insize=4327 outsize=378 kw=DIRECTIONAL LIGHTMAP_OFF DIRLIGHTMAP_OFF ok=1
Cmd: compileSnippet
  api=0 type=0 insize=2285 outsize=817 kw=POINT ok=1
Cmd: compileSnippet
  api=0 type=1 insize=2285 outsize=549 kw=POINT ok=1
Cmd: preprocess
  insize=818 outsize=818 ok=1
Cmd: preprocess
  insize=971 outsize=1152 ok=1
Cmd: compileSnippet
  api=0 type=0 insize=4561 outsize=992 kw=DIRECTIONAL LIGHTMAP_OFF DIRLIGHTMAP_OFF ok=1
Cmd: compileSnippet
  api=0 type=1 insize=4561 outsize=488 kw=DIRECTIONAL LIGHTMAP_OFF DIRLIGHTMAP_OFF ok=1
Cmd: compileSnippet
  api=0 type=0 insize=2527 outsize=791 kw=POINT ok=1
Cmd: compileSnippet
  api=0 type=1 insize=2527 outsize=360 kw=POINT ok=1
Cmd: preprocess
  insize=472 outsize=472 ok=1
Cmd: preprocess
  insize=835 outsize=835 ok=1
Cmd: preprocess
  insize=730 outsize=730 ok=1
Cmd: preprocess
  insize=608 outsize=608 ok=1
Cmd: preprocess
  insize=1355 outsize=1355 ok=1
Cmd: preprocess
  insize=316 outsize=316 ok=1
Cmd: preprocess
  insize=634 outsize=634 ok=1
Cmd: preprocess
  insize=963 outsize=963 ok=1
Cmd: compileSnippet
  api=0 type=0 insize=2527 outsize=642 kw=DIRECTIONAL ok=1
Cmd: compileSnippet
  api=0 type=1 insize=2527 outsize=360 kw=DIRECTIONAL ok=1
Cmd: compileSnippet
  api=0 type=0 insize=2285 outsize=560 kw=DIRECTIONAL ok=1
Cmd: compileSnippet
  api=0 type=1 insize=2285 outsize=366 kw=DIRECTIONAL ok=1
